Arguments: 
  /usr/bin/node /usr/bin/yarn install

PATH: 
  /home/andras/.sdkman/candidates/gradle/current/bin:/home/andras/.deno/bin:/opt/kotlinc/bin:/home/andras/bin:/home/andras/.config/composer/vendor/bin:/home/andras/.local/bin:/usr/local/bin:/usr/bin:/bin:/usr/local/games:/usr/games:/home/andras/Android/Sdk/emulator:/home/andras/Android/Sdk/tools:/home/andras/Android/Sdk/tools/bin:/home/andras/Android/Sdk/platform-tools:/home/andras/bin/Insomnia.Core-2021.5.3/:/home/andras/.dotnet/tools

Yarn version: 
  1.22.19

Node version: 
  18.16.0

Platform: 
  linux x64

Trace: 
  Error: ENOENT: no such file or directory, copyfile '/home/andras/.cache/yarn/v6/npm-ms-2.1.2-d09d1f357b443f493382a8eb3ccd183872ae6009-integrity/node_modules/ms/index.js' -> '/home/andras/dev/ex/mobil_count/node_modules/@babel/core/node_modules/ms/index.js'

npm manifest: 
  {
    "name": "count",
    "version": "1.0.0",
    "main": "node_modules/expo/AppEntry.js",
    "scripts": {
      "start": "expo start",
      "android": "expo start --android",
      "ios": "expo start --ios",
      "web": "expo start --web",
      "test": "jest"
    },
    "jest": {
      "preset": "react-native"
    },
    "dependencies": {
      "@expo/webpack-config": "^18.0.1",
      "expo": "~48.0.18",
      "expo-status-bar": "~1.4.4",
      "jest": "^29.5.0",
      "react": "18.2.0",
      "react-dom": "18.2.0",
      "react-native": "0.71.8",
      "react-native-web": "~0.18.10"
    },
    "devDependencies": {
      "@babel/core": "^7.20.0",
      "@testing-library/react-native": "^12.1.2"
    },
    "private": true
  }

yarn manifest: 
  No manifest

Lockfile: 
  No lockfile
